<?xml version="1.0" encoding="UTF-8"?>
<testng-results skipped="0" failed="0" total="1" passed="1">
  <reporter-output>
  </reporter-output>
  <suite name="Command line suite" duration-ms="86" started-at="2014-01-31T18:05:36Z" finished-at="2014-01-31T18:05:36Z">
    <groups>
    </groups>
    <test name="Command line test" duration-ms="86" started-at="2014-01-31T18:05:36Z" finished-at="2014-01-31T18:05:36Z">
      <class name="foo.AppTest">
        <test-method status="PASS" signature="testApp()" name="testApp" duration-ms="4" started-at="2014-01-31T18:05:36Z" finished-at="2014-01-31T18:05:36Z">
        </test-method>
      </class>
    </test>
  </suite>
</testng-results>
